<?xml version="1.0" encoding="UTF-8"?>
<!-- Generated by org.testng.reporters.JUnitXMLReporter -->
<testsuite ignored="1" hostname="DESKTOP-BPGMTVT" failures="2" tests="3" name="Test" time="0.037" errors="0" timestamp="27 Oct 2023 10:47:33 GMT">
  <testcase classname="com.flipkart.NewOffers" name="enter_the_from_place" time="0.012">
    <failure type="java.lang.NullPointerException" message="Cannot invoke &amp;quot;org.openqa.selenium.WebDriver.findElement(org.openqa.selenium.By)&amp;quot; because &amp;quot;com.flipkart.NewOffers.driver&amp;quot; is null">
      <![CDATA[java.lang.NullPointerException: Cannot invoke "org.openqa.selenium.WebDriver.findElement(org.openqa.selenium.By)" because "com.flipkart.NewOffers.driver" is null
at com.flipkart.NewOffers.enter_the_from_place(NewOffers.java:85)
... Removed 25 stack frames]]>
    </failure>
  </testcase> <!-- enter_the_from_place -->
  <testcase classname="com.flipkart.NewOffers" name="enter_the_to_place" time="0.0">
    <skipped/>
  </testcase> <!-- enter_the_to_place -->
  <testcase classname="com.flipkart.NewOffers" name="click_on_searchbuses" time="0.001">
    <failure type="java.lang.NullPointerException" message="Cannot invoke &amp;quot;org.openqa.selenium.WebDriver.findElement(org.openqa.selenium.By)&amp;quot; because &amp;quot;com.flipkart.NewOffers.driver&amp;quot; is null">
      <![CDATA[java.lang.NullPointerException: Cannot invoke "org.openqa.selenium.WebDriver.findElement(org.openqa.selenium.By)" because "com.flipkart.NewOffers.driver" is null
at com.flipkart.NewOffers.click_on_searchbuses(NewOffers.java:121)
... Removed 25 stack frames]]>
    </failure>
  </testcase> <!-- click_on_searchbuses -->
  <testcase classname="com.flipkart.NewOffers" name="select_the_date_in_calendar" time="0.0">
    <ignored/>
  </testcase> <!-- select_the_date_in_calendar -->
</testsuite> <!-- Test -->
