<?xml version="1.0" encoding="UTF-8"?>
<testng-results ignored="0" total="7" passed="6" failed="1" skipped="0">
  <reporter-output>
  </reporter-output>
  <suite started-at="2023-10-27T11:06:44Z" name="Suite" finished-at="2023-10-27T11:07:09Z" duration-ms="24988">
    <groups>
      <group name="sanity">
        <method signature="NewOffers.enter_the_from_place(java.lang.String, int)[pri:0, instance:com.flipkart.NewOffers@72c8e7b]" name="enter_the_from_place" class="com.flipkart.NewOffers"/>
        <method signature="NewOffers.enter_the_to_place(java.lang.String)[pri:0, instance:com.flipkart.NewOffers@72c8e7b]" name="enter_the_to_place" class="com.flipkart.NewOffers"/>
      </group> <!-- sanity -->
    </groups>
    <test started-at="2023-10-27T11:06:44Z" name="Test1" finished-at="2023-10-27T11:07:09Z" duration-ms="24988">
      <class name="com.flipkart.TopOffers">
        <test-method is-config="true" signature="method1()[pri:0, instance:com.flipkart.TopOffers@65f8f5ae]" started-at="2023-10-27T11:06:44Z" name="method1" finished-at="2023-10-27T11:06:52Z" duration-ms="7627" status="PASS">
          <reporter-output>
          </reporter-output>
        </test-method> <!-- method1 -->
        <test-method signature="method2()[pri:0, instance:com.flipkart.TopOffers@65f8f5ae]" started-at="2023-10-27T11:06:52Z" name="method2" finished-at="2023-10-27T11:06:52Z" duration-ms="8" status="PASS">
          <reporter-output>
          </reporter-output>
        </test-method> <!-- method2 -->
        <test-method signature="method3()[pri:0, instance:com.flipkart.TopOffers@65f8f5ae]" started-at="2023-10-27T11:06:52Z" name="method3" finished-at="2023-10-27T11:06:52Z" duration-ms="1" status="PASS">
          <reporter-output>
          </reporter-output>
        </test-method> <!-- method3 -->
        <test-method signature="method4()[pri:0, instance:com.flipkart.TopOffers@65f8f5ae]" started-at="2023-10-27T11:06:52Z" name="method4" finished-at="2023-10-27T11:06:52Z" duration-ms="1" status="PASS">
          <reporter-output>
          </reporter-output>
        </test-method> <!-- method4 -->
        <test-method is-config="true" signature="close()[pri:0, instance:com.flipkart.TopOffers@65f8f5ae]" started-at="2023-10-27T11:06:52Z" name="close" finished-at="2023-10-27T11:06:52Z" duration-ms="1" status="PASS">
          <reporter-output>
          </reporter-output>
        </test-method> <!-- close -->
      </class> <!-- com.flipkart.TopOffers -->
      <class name="com.flipkart.NewOffers">
        <test-method is-config="true" signature="beforeSuite()[pri:0, instance:com.flipkart.NewOffers@72c8e7b]" started-at="2023-10-27T11:06:44Z" name="beforeSuite" finished-at="2023-10-27T11:06:44Z" duration-ms="6" status="PASS">
          <reporter-output>
          </reporter-output>
        </test-method> <!-- beforeSuite -->
        <test-method is-config="true" signature="beforeTest()[pri:0, instance:com.flipkart.NewOffers@72c8e7b]" started-at="2023-10-27T11:06:44Z" name="beforeTest" finished-at="2023-10-27T11:06:44Z" duration-ms="0" status="PASS">
          <reporter-output>
          </reporter-output>
        </test-method> <!-- beforeTest -->
        <test-method is-config="true" signature="launch_the_redBus(java.lang.String)[pri:0, instance:com.flipkart.NewOffers@72c8e7b]" started-at="2023-10-27T11:06:44Z" name="launch_the_redBus" finished-at="2023-10-27T11:06:52Z" duration-ms="7605" status="PASS">
          <params>
            <param index="0">
              <value>
                <![CDATA[edge]]>
              </value>
            </param>
          </params>
          <reporter-output>
          </reporter-output>
        </test-method> <!-- launch_the_redBus -->
        <test-method signature="click_on_searchbuses()[pri:0, instance:com.flipkart.NewOffers@72c8e7b]" started-at="2023-10-27T11:06:52Z" name="click_on_searchbuses" finished-at="2023-10-27T11:06:52Z" duration-ms="356" status="PASS">
          <reporter-output>
          </reporter-output>
        </test-method> <!-- click_on_searchbuses -->
        <test-method is-config="true" signature="method()[pri:0, instance:com.flipkart.NewOffers@72c8e7b]" started-at="2023-10-27T11:06:52Z" name="method" finished-at="2023-10-27T11:06:52Z" duration-ms="0" status="PASS">
          <reporter-output>
          </reporter-output>
        </test-method> <!-- method -->
        <test-method is-config="true" signature="method1()[pri:0, instance:com.flipkart.NewOffers@72c8e7b]" started-at="2023-10-27T11:06:52Z" name="method1" finished-at="2023-10-27T11:06:52Z" duration-ms="0" status="PASS">
          <reporter-output>
          </reporter-output>
        </test-method> <!-- method1 -->
        <test-method is-config="true" signature="method()[pri:0, instance:com.flipkart.NewOffers@72c8e7b]" started-at="2023-10-27T11:06:52Z" name="method" finished-at="2023-10-27T11:06:52Z" duration-ms="1" status="PASS">
          <reporter-output>
          </reporter-output>
        </test-method> <!-- method -->
        <test-method signature="enter_the_from_place(java.lang.String, int)[pri:0, instance:com.flipkart.NewOffers@72c8e7b]" started-at="2023-10-27T11:06:52Z" name="enter_the_from_place" data-provider="from" finished-at="2023-10-27T11:06:53Z" duration-ms="968" status="PASS">
          <params>
            <param index="0">
              <value>
                <![CDATA[Guduvanchery]]>
              </value>
            </param>
            <param index="1">
              <value>
                <![CDATA[1]]>
              </value>
            </param>
          </params>
          <reporter-output>
          </reporter-output>
        </test-method> <!-- enter_the_from_place -->
        <test-method is-config="true" signature="method1()[pri:0, instance:com.flipkart.NewOffers@72c8e7b]" started-at="2023-10-27T11:06:53Z" name="method1" finished-at="2023-10-27T11:06:53Z" duration-ms="0" status="PASS">
          <reporter-output>
          </reporter-output>
        </test-method> <!-- method1 -->
        <test-method is-config="true" signature="method()[pri:0, instance:com.flipkart.NewOffers@72c8e7b]" started-at="2023-10-27T11:06:53Z" name="method" finished-at="2023-10-27T11:06:53Z" duration-ms="0" status="PASS">
          <reporter-output>
          </reporter-output>
        </test-method> <!-- method -->
        <test-method signature="select_the_date_in_calendar(java.lang.String, java.lang.String)[pri:0, instance:com.flipkart.NewOffers@72c8e7b]" started-at="2023-10-27T11:06:53Z" name="select_the_date_in_calendar" finished-at="2023-10-27T11:07:08Z" duration-ms="15251" status="FAIL">
          <params>
            <param index="0">
              <value>
                <![CDATA[parle]]>
              </value>
            </param>
            <param index="1">
              <value>
                <![CDATA[new Optional Value]]>
              </value>
            </param>
          </params>
          <exception class="org.openqa.selenium.NoSuchElementException">
            <message>
              <![CDATA[no such element: Unable to locate element: {"method":"xpath","selector":"//div[@class='sc-jzJRlG dPBSOp-']"}
  (Session info: MicrosoftEdge=119.0.2151.30)
For documentation on this error, please visit: https://www.selenium.dev/documentation/webdriver/troubleshooting/errors#no-such-element-exception
Build info: version: '4.10.0', revision: 'c14d967899'
System info: os.name: 'Windows 11', os.arch: 'amd64', os.version: '10.0', java.version: '17.0.5'
Driver info: org.openqa.selenium.edge.EdgeDriver
Command: [1004b35531c108754ac723980a6ed60a, findElement {using=xpath, value=//div[@class='sc-jzJRlG dPBSOp-']}]
Capabilities {acceptInsecureCerts: false, browserName: msedge, browserVersion: 119.0.2151.30, fedcm:accounts: true, ms:edgeOptions: {debuggerAddress: localhost:59250}, msedge: {msedgedriverVersion: 119.0.2151.24 (fdddd5d720e8..., userDataDir: C:\Users\ADMIN\AppData\Loca...}, networkConnectionEnabled: false, pageLoadStrategy: normal, platformName: windows, proxy: Proxy(), se:cdp: ws://localhost:59250/devtoo..., se:cdpVersion: 119.0.2151.30, setWindowRect: true, strictFileInteractability: false, timeouts: {implicit: 0, pageLoad: 300000, script: 30000}, unhandledPromptBehavior: dismiss and notify, webauthn:extension:credBlob: true, webauthn:extension:largeBlob: true, webauthn:extension:minPinLength: true, webauthn:extension:prf: true, webauthn:virtualAuthenticators: true}
Session ID: 1004b35531c108754ac723980a6ed60a]]>
            </message>
            <full-stacktrace>
              <![CDATA[org.openqa.selenium.NoSuchElementException: no such element: Unable to locate element: {"method":"xpath","selector":"//div[@class='sc-jzJRlG dPBSOp-']"}
  (Session info: MicrosoftEdge=119.0.2151.30)
For documentation on this error, please visit: https://www.selenium.dev/documentation/webdriver/troubleshooting/errors#no-such-element-exception
Build info: version: '4.10.0', revision: 'c14d967899'
System info: os.name: 'Windows 11', os.arch: 'amd64', os.version: '10.0', java.version: '17.0.5'
Driver info: org.openqa.selenium.edge.EdgeDriver
Command: [1004b35531c108754ac723980a6ed60a, findElement {using=xpath, value=//div[@class='sc-jzJRlG dPBSOp-']}]
Capabilities {acceptInsecureCerts: false, browserName: msedge, browserVersion: 119.0.2151.30, fedcm:accounts: true, ms:edgeOptions: {debuggerAddress: localhost:59250}, msedge: {msedgedriverVersion: 119.0.2151.24 (fdddd5d720e8..., userDataDir: C:\Users\ADMIN\AppData\Loca...}, networkConnectionEnabled: false, pageLoadStrategy: normal, platformName: windows, proxy: Proxy(), se:cdp: ws://localhost:59250/devtoo..., se:cdpVersion: 119.0.2151.30, setWindowRect: true, strictFileInteractability: false, timeouts: {implicit: 0, pageLoad: 300000, script: 30000}, unhandledPromptBehavior: dismiss and notify, webauthn:extension:credBlob: true, webauthn:extension:largeBlob: true, webauthn:extension:minPinLength: true, webauthn:extension:prf: true, webauthn:virtualAuthenticators: true}
Session ID: 1004b35531c108754ac723980a6ed60a
at java.base/jdk.internal.reflect.NativeConstructorAccessorImpl.newInstance0(Native Method)
at java.base/jdk.internal.reflect.NativeConstructorAccessorImpl.newInstance(NativeConstructorAccessorImpl.java:77)
at java.base/jdk.internal.reflect.DelegatingConstructorAccessorImpl.newInstance(DelegatingConstructorAccessorImpl.java:45)
at java.base/java.lang.reflect.Constructor.newInstanceWithCaller(Constructor.java:499)
at java.base/java.lang.reflect.Constructor.newInstance(Constructor.java:480)
at org.openqa.selenium.remote.codec.w3c.W3CHttpResponseCodec.createException(W3CHttpResponseCodec.java:199)
at org.openqa.selenium.remote.codec.w3c.W3CHttpResponseCodec.decode(W3CHttpResponseCodec.java:132)
at org.openqa.selenium.remote.codec.w3c.W3CHttpResponseCodec.decode(W3CHttpResponseCodec.java:51)
at org.openqa.selenium.remote.HttpCommandExecutor.execute(HttpCommandExecutor.java:191)
at org.openqa.selenium.remote.service.DriverCommandExecutor.invokeExecute(DriverCommandExecutor.java:196)
at org.openqa.selenium.remote.service.DriverCommandExecutor.execute(DriverCommandExecutor.java:171)
at org.openqa.selenium.remote.RemoteWebDriver.execute(RemoteWebDriver.java:531)
at org.openqa.selenium.remote.ElementLocation$ElementFinder$2.findElement(ElementLocation.java:165)
at org.openqa.selenium.remote.ElementLocation.findElement(ElementLocation.java:59)
at org.openqa.selenium.remote.RemoteWebDriver.findElement(RemoteWebDriver.java:350)
at org.openqa.selenium.remote.RemoteWebDriver.findElement(RemoteWebDriver.java:344)
at com.flipkart.NewOffers.select_the_date_in_calendar(NewOffers.java:115)
at java.base/jdk.internal.reflect.NativeMethodAccessorImpl.invoke0(Native Method)
at java.base/jdk.internal.reflect.NativeMethodAccessorImpl.invoke(NativeMethodAccessorImpl.java:77)
at java.base/jdk.internal.reflect.DelegatingMethodAccessorImpl.invoke(DelegatingMethodAccessorImpl.java:43)
at java.base/java.lang.reflect.Method.invoke(Method.java:568)
at org.testng.internal.MethodInvocationHelper.invokeMethod(MethodInvocationHelper.java:124)
at org.testng.internal.Invoker.invokeMethod(Invoker.java:583)
at org.testng.internal.Invoker.invokeTestMethod(Invoker.java:719)
at org.testng.internal.Invoker.invokeTestMethods(Invoker.java:989)
at org.testng.internal.TestMethodWorker.invokeTestMethods(TestMethodWorker.java:125)
at org.testng.internal.TestMethodWorker.run(TestMethodWorker.java:109)
at java.base/java.util.concurrent.ThreadPoolExecutor.runWorker(ThreadPoolExecutor.java:1136)
at java.base/java.util.concurrent.ThreadPoolExecutor$Worker.run(ThreadPoolExecutor.java:635)
at java.base/java.lang.Thread.run(Thread.java:833)
]]>
            </full-stacktrace>
          </exception> <!-- org.openqa.selenium.NoSuchElementException -->
          <reporter-output>
          </reporter-output>
        </test-method> <!-- select_the_date_in_calendar -->
        <test-method is-config="true" signature="method1()[pri:0, instance:com.flipkart.NewOffers@72c8e7b]" started-at="2023-10-27T11:07:08Z" name="method1" finished-at="2023-10-27T11:07:08Z" duration-ms="0" status="PASS">
          <reporter-output>
          </reporter-output>
        </test-method> <!-- method1 -->
        <test-method signature="enter_the_to_place(java.lang.String)[pri:0, instance:com.flipkart.NewOffers@72c8e7b]" started-at="2023-10-27T11:07:08Z" name="enter_the_to_place" data-provider="to" finished-at="2023-10-27T11:07:09Z" depends-on-methods="com.flipkart.NewOffers.enter_the_from_place" duration-ms="763" status="PASS">
          <params>
            <param index="0">
              <value>
                <![CDATA[Chengalpattu]]>
              </value>
            </param>
          </params>
          <reporter-output>
          </reporter-output>
        </test-method> <!-- enter_the_to_place -->
        <test-method is-config="true" signature="method()[pri:0, instance:com.flipkart.NewOffers@72c8e7b]" started-at="2023-10-27T11:07:08Z" name="method" finished-at="2023-10-27T11:07:08Z" duration-ms="0" status="PASS">
          <reporter-output>
          </reporter-output>
        </test-method> <!-- method -->
        <test-method is-config="true" signature="method1()[pri:0, instance:com.flipkart.NewOffers@72c8e7b]" started-at="2023-10-27T11:07:09Z" name="method1" finished-at="2023-10-27T11:07:09Z" duration-ms="1" status="PASS">
          <reporter-output>
          </reporter-output>
        </test-method> <!-- method1 -->
        <test-method is-config="true" signature="afterTest()[pri:0, instance:com.flipkart.NewOffers@72c8e7b]" started-at="2023-10-27T11:07:09Z" name="afterTest" finished-at="2023-10-27T11:07:09Z" duration-ms="0" status="PASS">
          <reporter-output>
          </reporter-output>
        </test-method> <!-- afterTest -->
        <test-method is-config="true" signature="close()[pri:0, instance:com.flipkart.NewOffers@72c8e7b]" started-at="2023-10-27T11:07:09Z" name="close" finished-at="2023-10-27T11:07:09Z" duration-ms="0" status="PASS">
          <reporter-output>
          </reporter-output>
        </test-method> <!-- close -->
        <test-method is-config="true" signature="afterSuite()[pri:0, instance:com.flipkart.NewOffers@72c8e7b]" started-at="2023-10-27T11:07:09Z" name="afterSuite" finished-at="2023-10-27T11:07:09Z" duration-ms="0" status="PASS">
          <reporter-output>
          </reporter-output>
        </test-method> <!-- afterSuite -->
      </class> <!-- com.flipkart.NewOffers -->
    </test> <!-- Test1 -->
  </suite> <!-- Suite -->
</testng-results>
